<?xml version="1.0" encoding="UTF-8"?>
<!-- Generated by org.testng.reporters.JUnitXMLReporter -->
<testsuite ignored="0" hostname="DESKTOP-UKUP08D" failures="0" tests="5" name="Test" time="0.116" errors="0" timestamp="2026-04-19T16:06:01 IST">
  <testcase classname="com.module2" name="APILoginCarLoan" time="0.014"/>
  <testcase classname="com.module2" name="MobileLogicCarLoan" time="0.004"/>
  <testcase classname="com.module2" name="WebLogicCarLoan" time="0.004"/>
  <testcase classname="com.module1" name="test1" time="0.002"/>
  <testcase classname="com.module1" name="test2" time="0.003"/>
</testsuite> <!-- Test -->
