<?xml version="1.0" encoding="UTF-8"?>
<testng-results ignored="0" total="2" passed="2" failed="0" skipped="0">
  <reporter-output>
  </reporter-output>
  <suite started-at="2026-04-19T16:00:46 IST" name="Default suite" finished-at="2026-04-19T16:00:46 IST" duration-ms="114">
    <groups>
    </groups>
    <test started-at="2026-04-19T16:00:46 IST" name="Default test" finished-at="2026-04-19T16:00:46 IST" duration-ms="114">
      <class name="com.Test1">
        <test-method signature="test()[pri:0, instance:com.Test1@52bf72b5]" started-at="2026-04-19T16:00:46 IST" name="test" finished-at="2026-04-19T16:00:46 IST" duration-ms="23" status="PASS">
          <reporter-output>
          </reporter-output>
        </test-method> <!-- test -->
        <test-method signature="test2()[pri:0, instance:com.Test1@52bf72b5]" started-at="2026-04-19T16:00:46 IST" name="test2" finished-at="2026-04-19T16:00:46 IST" duration-ms="1" status="PASS">
          <reporter-output>
          </reporter-output>
        </test-method> <!-- test2 -->
      </class> <!-- com.Test1 -->
    </test> <!-- Default test -->
  </suite> <!-- Default suite -->
</testng-results>
