<?xml version="1.0" encoding="UTF-8"?>
<!-- Generated by org.testng.reporters.JUnitXMLReporter -->
<testsuite ignored="0" hostname="DESKTOP-UKUP08D" failures="0" tests="5" name="Test" time="0.086" errors="0" timestamp="2026-01-04T12:58:30 IST">
  <testcase classname="com.module1" name="test1" time="0.008"/>
  <testcase classname="com.module1" name="test2" time="0.002"/>
  <testcase classname="com.module2" name="APILoginCarLoan" time="0.002"/>
  <testcase classname="com.module2" name="MobileLoginCarLoan" time="0.003"/>
  <testcase classname="com.module2" name="WebLoginCarLoan" time="0.005"/>
</testsuite> <!-- Test -->
