<?xml version="1.0" encoding="UTF-8"?>
<testng-results ignored="0" total="5" passed="5" failed="0" skipped="0">
  <reporter-output>
  </reporter-output>
  <suite started-at="2026-01-04T12:58:30 IST" name="Suite" finished-at="2026-01-04T12:58:30 IST" duration-ms="86">
    <groups>
    </groups>
    <test started-at="2026-01-04T12:58:30 IST" name="Test" finished-at="2026-01-04T12:58:30 IST" duration-ms="86">
      <class name="com.module2">
        <test-method signature="APILoginCarLoan()[pri:0, instance:com.module2@16293aa2]" started-at="2026-01-04T12:58:30 IST" name="APILoginCarLoan" finished-at="2026-01-04T12:58:30 IST" duration-ms="2" status="PASS">
          <reporter-output>
          </reporter-output>
        </test-method> <!-- APILoginCarLoan -->
        <test-method signature="MobileLoginCarLoan()[pri:0, instance:com.module2@16293aa2]" started-at="2026-01-04T12:58:30 IST" name="MobileLoginCarLoan" finished-at="2026-01-04T12:58:30 IST" duration-ms="3" status="PASS">
          <reporter-output>
          </reporter-output>
        </test-method> <!-- MobileLoginCarLoan -->
        <test-method signature="WebLoginCarLoan()[pri:0, instance:com.module2@16293aa2]" started-at="2026-01-04T12:58:30 IST" name="WebLoginCarLoan" finished-at="2026-01-04T12:58:30 IST" duration-ms="5" status="PASS">
          <reporter-output>
          </reporter-output>
        </test-method> <!-- WebLoginCarLoan -->
      </class> <!-- com.module2 -->
      <class name="com.module1">
        <test-method signature="test1()[pri:0, instance:com.module1@515aebb0]" started-at="2026-01-04T12:58:30 IST" name="test1" finished-at="2026-01-04T12:58:30 IST" duration-ms="8" status="PASS">
          <reporter-output>
          </reporter-output>
        </test-method> <!-- test1 -->
        <test-method signature="test2()[pri:0, instance:com.module1@515aebb0]" started-at="2026-01-04T12:58:30 IST" name="test2" finished-at="2026-01-04T12:58:30 IST" duration-ms="2" status="PASS">
          <reporter-output>
          </reporter-output>
        </test-method> <!-- test2 -->
      </class> <!-- com.module1 -->
    </test> <!-- Test -->
  </suite> <!-- Suite -->
</testng-results>
