<?xml version="1.0" encoding="UTF-8"?>
<!-- Generated by org.testng.reporters.JUnitReportReporter -->
<testsuite hostname="DESKTOP-UKUP08D" failures="0" tests="3" name="com.module2" time="0.010" errors="0" timestamp="2026-01-04T12:58:30 IST" skipped="0">
  <testcase classname="com.module2" name="APILoginCarLoan" time="0.002"/>
  <testcase classname="com.module2" name="WebLoginCarLoan" time="0.005"/>
  <testcase classname="com.module2" name="MobileLoginCarLoan" time="0.003"/>
</testsuite> <!-- com.module2 -->
