<?xml version="1.0" encoding="UTF-8"?>
<testng-results ignored="0" total="2" passed="2" failed="0" skipped="0">
  <reporter-output>
  </reporter-output>
  <suite started-at="2026-04-19T15:49:10 IST" name="Default suite" finished-at="2026-04-19T15:49:10 IST" duration-ms="90">
    <groups>
    </groups>
    <test started-at="2026-04-19T15:49:10 IST" name="Default test" finished-at="2026-04-19T15:49:10 IST" duration-ms="90">
      <class name="com.NewTest">
        <test-method signature="testMethod()[pri:0, instance:com.NewTest@2a798d51]" started-at="2026-04-19T15:49:10 IST" name="testMethod" finished-at="2026-04-19T15:49:10 IST" duration-ms="19" status="PASS">
          <reporter-output>
          </reporter-output>
        </test-method> <!-- testMethod -->
        <test-method signature="testMethod2()[pri:0, instance:com.NewTest@2a798d51]" started-at="2026-04-19T15:49:10 IST" name="testMethod2" finished-at="2026-04-19T15:49:10 IST" duration-ms="3" status="PASS">
          <reporter-output>
          </reporter-output>
        </test-method> <!-- testMethod2 -->
      </class> <!-- com.NewTest -->
    </test> <!-- Default test -->
  </suite> <!-- Default suite -->
</testng-results>
