<?xml version="1.0" encoding="UTF-8"?>
<testng-results ignored="1" total="2" passed="1" failed="0" skipped="0">
  <reporter-output>
  </reporter-output>
  <suite started-at="2026-01-04T12:51:45 IST" name="Default suite" finished-at="2026-01-04T12:51:45 IST" duration-ms="74">
    <groups>
    </groups>
    <test started-at="2026-01-04T12:51:45 IST" name="Default test" finished-at="2026-01-04T12:51:45 IST" duration-ms="74">
      <class name="test1">
        <test-method signature="test2()[pri:0, instance:test1@52bf72b5]" started-at="2026-01-04T12:51:45 IST" name="test2" finished-at="2026-01-04T12:51:45 IST" duration-ms="15" status="PASS">
          <reporter-output>
          </reporter-output>
        </test-method> <!-- test2 -->
      </class> <!-- test1 -->
    </test> <!-- Default test -->
  </suite> <!-- Default suite -->
</testng-results>
