<?xml version="1.0" encoding="UTF-8"?>
<testng-results ignored="0" total="3" passed="3" failed="0" skipped="0">
  <reporter-output>
  </reporter-output>
  <suite started-at="2026-04-19T16:11:13 IST" name="Suite" finished-at="2026-04-19T16:11:13 IST" duration-ms="100">
    <groups>
    </groups>
    <test started-at="2026-04-19T16:11:13 IST" name="Test" finished-at="2026-04-19T16:11:13 IST" duration-ms="100">
      <class name="com.Personal_loan">
        <test-method is-config="true" signature="before_suite()[pri:0, instance:com.Personal_loan@3c19aaa5]" started-at="2026-04-19T16:11:13 IST" name="before_suite" finished-at="2026-04-19T16:11:13 IST" duration-ms="19" status="PASS">
          <reporter-output>
          </reporter-output>
        </test-method> <!-- before_suite -->
        <test-method signature="personal_loan()[pri:0, instance:com.Personal_loan@3c19aaa5]" started-at="2026-04-19T16:11:13 IST" name="personal_loan" finished-at="2026-04-19T16:11:13 IST" duration-ms="6" status="PASS">
          <reporter-output>
          </reporter-output>
        </test-method> <!-- personal_loan -->
      </class> <!-- com.Personal_loan -->
      <class name="com.Car_loan">
        <test-method signature="car_loan()[pri:0, instance:com.Car_loan@2a3b5b47]" started-at="2026-04-19T16:11:13 IST" name="car_loan" finished-at="2026-04-19T16:11:13 IST" duration-ms="3" status="PASS">
          <reporter-output>
          </reporter-output>
        </test-method> <!-- car_loan -->
      </class> <!-- com.Car_loan -->
      <class name="com.Home_loan">
        <test-method signature="home_loan()[pri:0, instance:com.Home_loan@55b699ef]" started-at="2026-04-19T16:11:13 IST" name="home_loan" finished-at="2026-04-19T16:11:13 IST" duration-ms="3" status="PASS">
          <reporter-output>
          </reporter-output>
        </test-method> <!-- home_loan -->
      </class> <!-- com.Home_loan -->
    </test> <!-- Test -->
  </suite> <!-- Suite -->
</testng-results>
