<?xml version="1.0" encoding="UTF-8"?>
<testng-results ignored="0" total="5" passed="5" failed="0" skipped="0">
  <reporter-output>
  </reporter-output>
  <suite started-at="2026-04-19T16:06:01 IST" name="Suite" finished-at="2026-04-19T16:06:01 IST" duration-ms="116">
    <groups>
    </groups>
    <test started-at="2026-04-19T16:06:01 IST" name="Test" finished-at="2026-04-19T16:06:01 IST" duration-ms="116">
      <class name="com.module2">
        <test-method signature="APILoginCarLoan()[pri:0, instance:com.module2@515aebb0]" started-at="2026-04-19T16:06:01 IST" name="APILoginCarLoan" finished-at="2026-04-19T16:06:01 IST" duration-ms="14" status="PASS">
          <reporter-output>
          </reporter-output>
        </test-method> <!-- APILoginCarLoan -->
        <test-method signature="MobileLogicCarLoan()[pri:0, instance:com.module2@515aebb0]" started-at="2026-04-19T16:06:01 IST" name="MobileLogicCarLoan" finished-at="2026-04-19T16:06:01 IST" duration-ms="4" status="PASS">
          <reporter-output>
          </reporter-output>
        </test-method> <!-- MobileLogicCarLoan -->
        <test-method signature="WebLogicCarLoan()[pri:0, instance:com.module2@515aebb0]" started-at="2026-04-19T16:06:01 IST" name="WebLogicCarLoan" finished-at="2026-04-19T16:06:01 IST" duration-ms="4" status="PASS">
          <reporter-output>
          </reporter-output>
        </test-method> <!-- WebLogicCarLoan -->
      </class> <!-- com.module2 -->
      <class name="com.module1">
        <test-method signature="test1()[pri:0, instance:com.module1@16293aa2]" started-at="2026-04-19T16:06:01 IST" name="test1" finished-at="2026-04-19T16:06:01 IST" duration-ms="2" status="PASS">
          <reporter-output>
          </reporter-output>
        </test-method> <!-- test1 -->
        <test-method signature="test2()[pri:0, instance:com.module1@16293aa2]" started-at="2026-04-19T16:06:01 IST" name="test2" finished-at="2026-04-19T16:06:01 IST" duration-ms="3" status="PASS">
          <reporter-output>
          </reporter-output>
        </test-method> <!-- test2 -->
      </class> <!-- com.module1 -->
    </test> <!-- Test -->
  </suite> <!-- Suite -->
</testng-results>
