<?xml version="1.0" encoding="UTF-8"?>
<testng-results ignored="0" total="3" passed="3" failed="0" skipped="0">
  <reporter-output>
  </reporter-output>
  <suite started-at="2026-01-11T12:57:21 IST" name="Default suite" finished-at="2026-01-11T12:57:21 IST" duration-ms="82">
    <groups>
    </groups>
    <test started-at="2026-01-11T12:57:21 IST" name="Default test" finished-at="2026-01-11T12:57:21 IST" duration-ms="82">
      <class name="com.Module1">
        <test-method signature="a_test()[pri:0, instance:com.Module1@16293aa2]" started-at="2026-01-11T12:57:21 IST" name="a_test" finished-at="2026-01-11T12:57:21 IST" duration-ms="17" status="PASS">
          <reporter-output>
          </reporter-output>
        </test-method> <!-- a_test -->
        <test-method signature="b_test()[pri:0, instance:com.Module1@16293aa2]" started-at="2026-01-11T12:57:21 IST" name="b_test" finished-at="2026-01-11T12:57:21 IST" duration-ms="1" status="PASS">
          <reporter-output>
          </reporter-output>
        </test-method> <!-- b_test -->
      </class> <!-- com.Module1 -->
      <class name="com.Module2">
        <test-method signature="c_test()[pri:0, instance:com.Module2@351d00c0]" started-at="2026-01-11T12:57:21 IST" name="c_test" finished-at="2026-01-11T12:57:21 IST" duration-ms="2" status="PASS">
          <reporter-output>
          </reporter-output>
        </test-method> <!-- c_test -->
        <test-method is-config="true" signature="after_suite()[pri:0, instance:com.Module2@351d00c0]" started-at="2026-01-11T12:57:21 IST" name="after_suite" finished-at="2026-01-11T12:57:21 IST" duration-ms="5" status="PASS">
          <reporter-output>
          </reporter-output>
        </test-method> <!-- after_suite -->
      </class> <!-- com.Module2 -->
    </test> <!-- Default test -->
  </suite> <!-- Default suite -->
</testng-results>
