<?xml version="1.0" encoding="UTF-8"?>
<testng-results ignored="0" total="1" passed="1" failed="0" skipped="0">
  <reporter-output>
  </reporter-output>
  <suite started-at="2026-05-24T17:28:11 IST" name="Default suite" finished-at="2026-05-24T17:28:11 IST" duration-ms="96">
    <groups>
    </groups>
    <test started-at="2026-05-24T17:28:11 IST" name="Default test" finished-at="2026-05-24T17:28:11 IST" duration-ms="96">
      <class name="com.SuiteExample">
        <test-method is-config="true" signature="beforeSuite()[pri:0, instance:com.SuiteExample@38d8f54a]" started-at="2026-05-24T17:28:11 IST" name="beforeSuite" finished-at="2026-05-24T17:28:11 IST" duration-ms="27" status="PASS">
          <reporter-output>
          </reporter-output>
        </test-method> <!-- beforeSuite -->
        <test-method is-config="true" signature="beforeTest()[pri:0, instance:com.SuiteExample@38d8f54a]" started-at="2026-05-24T17:28:11 IST" name="beforeTest" finished-at="2026-05-24T17:28:11 IST" duration-ms="1" status="PASS">
          <reporter-output>
          </reporter-output>
        </test-method> <!-- beforeTest -->
        <test-method signature="testMethod()[pri:0, instance:com.SuiteExample@38d8f54a]" started-at="2026-05-24T17:28:11 IST" name="testMethod" finished-at="2026-05-24T17:28:11 IST" duration-ms="17" status="PASS">
          <reporter-output>
          </reporter-output>
        </test-method> <!-- testMethod -->
        <test-method is-config="true" signature="afterTest()[pri:0, instance:com.SuiteExample@38d8f54a]" started-at="2026-05-24T17:28:11 IST" name="afterTest" finished-at="2026-05-24T17:28:11 IST" duration-ms="3" status="PASS">
          <reporter-output>
          </reporter-output>
        </test-method> <!-- afterTest -->
        <test-method is-config="true" signature="afterSuite()[pri:0, instance:com.SuiteExample@38d8f54a]" started-at="2026-05-24T17:28:11 IST" name="afterSuite" finished-at="2026-05-24T17:28:11 IST" duration-ms="1" status="PASS">
          <reporter-output>
          </reporter-output>
        </test-method> <!-- afterSuite -->
      </class> <!-- com.SuiteExample -->
    </test> <!-- Default test -->
  </suite> <!-- Default suite -->
</testng-results>
