<?xml version="1.0" encoding="UTF-8"?>
<!-- Generated by org.testng.reporters.JUnitReportReporter -->
<testsuite hostname="DESKTOP-UKUP08D" failures="0" tests="3" name="com.module2" time="0.022" errors="0" timestamp="2026-04-19T16:06:01 IST" skipped="0">
  <testcase classname="com.module2" name="WebLogicCarLoan" time="0.004"/>
  <testcase classname="com.module2" name="MobileLogicCarLoan" time="0.004"/>
  <testcase classname="com.module2" name="APILoginCarLoan" time="0.014"/>
</testsuite> <!-- com.module2 -->
