<?xml version="1.0" encoding="UTF-8"?>
<testng-results ignored="0" total="5" passed="5" failed="0" skipped="0">
  <reporter-output>
  </reporter-output>
  <suite started-at="2026-01-11T13:07:10 IST" name="Default suite" finished-at="2026-01-11T13:07:11 IST" duration-ms="183">
    <groups>
    </groups>
    <test started-at="2026-01-11T13:07:10 IST" name="Default test" finished-at="2026-01-11T13:07:11 IST" duration-ms="183">
      <class name="com.hr_department">
        <test-method signature="counsellor()[pri:0, instance:com.hr_department@595b007d]" started-at="2026-01-11T13:07:10 IST" name="counsellor" finished-at="2026-01-11T13:07:10 IST" duration-ms="28" status="PASS">
          <reporter-output>
          </reporter-output>
        </test-method> <!-- counsellor -->
        <test-method signature="hr()[pri:0, instance:com.hr_department@595b007d]" started-at="2026-01-11T13:07:10 IST" name="hr" finished-at="2026-01-11T13:07:10 IST" duration-ms="9" status="PASS">
          <reporter-output>
          </reporter-output>
        </test-method> <!-- hr -->
        <test-method signature="manager()[pri:0, instance:com.hr_department@595b007d]" started-at="2026-01-11T13:07:10 IST" name="manager" finished-at="2026-01-11T13:07:10 IST" duration-ms="11" status="PASS">
          <reporter-output>
          </reporter-output>
        </test-method> <!-- manager -->
      </class> <!-- com.hr_department -->
      <class name="com.it_department">
        <test-method signature="qa_analyst()[pri:0, instance:com.it_department@409bf450]" started-at="2026-01-11T13:07:10 IST" name="qa_analyst" finished-at="2026-01-11T13:07:10 IST" duration-ms="8" status="PASS">
          <reporter-output>
          </reporter-output>
        </test-method> <!-- qa_analyst -->
        <test-method signature="software_developers()[pri:0, instance:com.it_department@409bf450]" started-at="2026-01-11T13:07:10 IST" name="software_developers" finished-at="2026-01-11T13:07:10 IST" duration-ms="5" status="PASS">
          <reporter-output>
          </reporter-output>
        </test-method> <!-- software_developers -->
        <test-method is-config="true" signature="before_test()[pri:0, instance:com.it_department@409bf450]" started-at="2026-01-11T13:07:10 IST" name="before_test" finished-at="2026-01-11T13:07:11 IST" duration-ms="15" status="PASS">
          <reporter-output>
          </reporter-output>
        </test-method> <!-- before_test -->
      </class> <!-- com.it_department -->
    </test> <!-- Default test -->
  </suite> <!-- Default suite -->
</testng-results>
