<?xml version="1.0" encoding="UTF-8"?>
<!-- Generated by org.testng.reporters.JUnitReportReporter -->
<testsuite hostname="DESKTOP-UKUP08D" failures="0" tests="3" name="com.hr_department" time="0.048" errors="0" timestamp="2026-01-11T13:07:11 IST" skipped="0">
  <testcase classname="com.hr_department" name="hr" time="0.009"/>
  <testcase classname="com.hr_department" name="counsellor" time="0.028"/>
  <testcase classname="com.hr_department" name="manager" time="0.011"/>
</testsuite> <!-- com.hr_department -->
