<?xml version="1.0" encoding="UTF-8"?>
<!-- Generated by org.testng.reporters.JUnitXMLReporter -->
<testsuite ignored="0" hostname="DESKTOP-UKUP08D" failures="0" tests="5" name="Default test" time="0.183" errors="0" timestamp="2026-01-11T13:07:11 IST">
  <testcase classname="com.hr_department" name="counsellor" time="0.028"/>
  <testcase classname="com.hr_department" name="hr" time="0.009"/>
  <testcase classname="com.hr_department" name="manager" time="0.011"/>
  <testcase classname="com.it_department" name="qa_analyst" time="0.008"/>
  <testcase classname="com.it_department" name="software_developers" time="0.005"/>
</testsuite> <!-- Default test -->
