<?xml version="1.0" encoding="UTF-8"?>
<!-- Generated by org.testng.reporters.JUnitXMLReporter -->
<testsuite ignored="0" hostname="DESKTOP-UKUP08D" failures="0" tests="3" name="Default test" time="0.082" errors="0" timestamp="2026-01-11T12:47:38 IST">
  <testcase classname="com.Personal_loan" name="personal_loan" time="0.008"/>
  <testcase classname="com.Car_loan" name="car_loan" time="0.004"/>
  <testcase classname="com.Home_loan" name="home_loan" time="0.003"/>
</testsuite> <!-- Default test -->
