<?xml version="1.0" encoding="UTF-8"?>
<!-- Generated by org.testng.reporters.JUnitXMLReporter -->
<testsuite ignored="0" hostname="DESKTOP-UKUP08D" failures="0" tests="3" name="Default test" time="0.103" errors="0" timestamp="2026-04-19T16:05:53 IST">
  <testcase classname="com.module2" name="APILoginCarLoan" time="0.015"/>
  <testcase classname="com.module2" name="MobileLogicCarLoan" time="0.002"/>
  <testcase classname="com.module2" name="WebLogicCarLoan" time="0.003"/>
</testsuite> <!-- Default test -->
